This is pdfTeX, Version 3.141592653-2.6-1.40.22 (TeX Live 2021) (preloaded format=latex 2021.6.6)  1 JUL 2022 11:36
entering extended mode
 restricted \write18 enabled.
 %&-line parsing enabled.
**ubcthesis.ins
(./ubcthesis.ins
LaTeX2e <2020-10-01> patch level 4
L3 programming layer <2021-02-18>
(/usr/local/texlive/2021/texmf-dist/tex/latex/base/docstrip.tex
\blockLevel=\count179
\emptyLines=\count180
\processedLines=\count181
\commentsRemoved=\count182
\commentsPassed=\count183
\codeLinesPassed=\count184
\TotalprocessedLines=\count185
\TotalcommentsRemoved=\count186
\TotalcommentsPassed=\count187
\TotalcodeLinesPassed=\count188
\NumberOfFiles=\count189
\inFile=\read2
\inputcheck=\read3
\off@0=\count190
\off@1=\count191
\off@2=\count192
\off@3=\count193
\off@4=\count194
\off@5=\count195
\off@6=\count196
\off@7=\count197
\off@8=\count198
\off@9=\count199
\off@10=\count266
\off@11=\count267
\off@12=\count268
\off@13=\count269
\off@14=\count270
\off@15=\count271
\@maxfiles=\count272
\@maxoutfiles=\count273

Utility: `docstrip' v2.6a <2020-07-07>
English documentation    <2020-07-11>

**********************************************************
* This program converts documented macro-files into fast *
* loadable files by stripping off (nearly) all comments! *
**********************************************************

********************************************************
* No Configuration file found, using default settings. *
********************************************************

)
*** Generating genthesis class file ***

Generating file(s) ./genthesis.cls 
\openout0 = `./genthesis.cls'.


Processing file ubcthesis.dtx (genthesis) -> genthesis.cls
File ubcthesis.dtx ended by \endinput.
Lines  processed: 9435
Comments removed: 5880
Comments  passed: 380
Codelines passed: 3161

*** Generating ubcthesis class file ***

Generating file(s) ./ubcthesis.cls 
\openout0 = `./ubcthesis.cls'.


Processing file ubcthesis.dtx (ubcthesis) -> ubcthesis.cls
File ubcthesis.dtx ended by \endinput.
Lines  processed: 9435
Comments removed: 5880
Comments  passed: 380
Codelines passed: 3161

*** Generating mitthesis class file ***

Generating file(s) ./mitthesis.cls 
\openout0 = `./mitthesis.cls'.


Processing file ubcthesis.dtx (mitthesis) -> mitthesis.cls
File ubcthesis.dtx ended by \endinput.
Lines  processed: 9435
Comments removed: 5880
Comments  passed: 380
Codelines passed: 3161

*** Generating ubcthesis sample files ***

Generating file(s) ./sample.bib 
\openout0 = `./sample.bib'.


Processing file ubcthesis.dtx (samplebib) -> sample.bib
File ubcthesis.dtx ended by \endinput.
Lines  processed: 9435
Comments removed: 5880
Comments  passed: 380
Codelines passed: 3161


Generating file(s) ./ubcsample.tex 
\openout0 = `./ubcsample.tex'.


Processing file ubcthesis.dtx (ubcsampletex) -> ubcsample.tex
File ubcthesis.dtx ended by \endinput.
Lines  processed: 9435
Comments removed: 5880
Comments  passed: 380
Codelines passed: 3161


Generating file(s) ./mitsample.tex 
\openout0 = `./mitsample.tex'.


Processing file ubcthesis.dtx (mitsampletex) -> mitsample.tex
File ubcthesis.dtx ended by \endinput.
Lines  processed: 9435
Comments removed: 5880
Comments  passed: 380
Codelines passed: 3161

***********************************************************
*
* To finish the installation you have to move the following
* files into a directory searched by TeX:
*
*   ubcthesis.cls
*
* To produce the documentation run the file `ubcthesis.dtx'
* through LaTeX three times:
*
* latex ubcthesis.dtx
* latex ubcthesis.dtx
* latex ubcthesis.dtx
*
* Happy Writing!
***********************************************************
Overall statistics:
Files  processed: 6
Lines  processed: 56610
Comments removed: 35280
Comments  passed: 2280
Codelines passed: 18966
 ) 
Here is how much of TeX's memory you used:
 382 strings out of 478995
 4188 string characters out of 5858211
 295463 words of memory out of 5000000
 17956 multiletter control sequences out of 15000+600000
 403430 words of font info for 27 fonts, out of 8000000 for 9000
 1141 hyphenation exceptions out of 8191
 13i,0n,15p,174b,134s stack positions out of 5000i,500n,10000p,200000b,80000s

No pages of output.
